2021-09-15 23:22:06,774 - INFO - Запуск программы
2021-09-15 23:22:06,775 - INFO - Вход в банк
2021-09-15 23:22:10,202 - INFO - Выбор между созданием и входом в аккаунт
2021-09-15 23:22:12,453 - INFO - Пользователь создает аккаунт...
2021-09-15 23:22:12,454 - INFO - Пользовать ввел логин 'daniil'
2021-09-15 23:22:12,454 - INFO - Пользовать ввел пароль '1234'
2021-09-15 23:22:12,455 - INFO - Создание аккаунта с логином 'daniil' и паролем '1234'
2021-09-15 23:22:12,455 - INFO - Аккаунт с логином 'daniil' и паролем '1234' успешно создан
2021-09-15 23:22:14,008 - INFO - Выбор между созданием и входом в аккаунт
2021-09-15 23:22:16,993 - INFO - Пользователь создает аккаунт...
2021-09-15 23:22:16,994 - INFO - Пользовать ввел логин 'daniil'
2021-09-15 23:22:16,995 - INFO - Пользовать ввел пароль '12345'
2021-09-15 23:22:16,995 - INFO - Аккаунт с таким логином('daniil') уже существует
2021-09-15 23:22:18,889 - INFO - Выбор между созданием и входом в аккаунт
2021-09-15 23:22:22,365 - INFO - Пользователь создает аккаунт...
2021-09-15 23:22:22,366 - INFO - Пользовать ввел логин 'valeriy'
2021-09-15 23:22:22,366 - INFO - Пользовать ввел пароль '123456'
2021-09-15 23:22:22,366 - INFO - Создание аккаунта с логином 'valeriy' и паролем '123456'
2021-09-15 23:22:22,367 - INFO - Аккаунт с логином 'valeriy' и паролем '123456' успешно создан
2021-09-15 23:22:24,538 - INFO - Выбор между созданием и входом в аккаунт
2021-09-15 23:22:26,728 - INFO - Пользователь входит в аккаунт...
2021-09-15 23:22:26,729 - INFO - Пользовать ввел логин 'daniil'
2021-09-15 23:22:26,730 - INFO - Пользовать ввел пароль '1234'
2021-09-15 23:22:26,730 - INFO - Пользователь вошел в аккаунт с логином 'daniil' и паролем '1234'
2021-09-15 23:22:26,730 - INFO - Вход в меню банковского приложения пользователя с логином 'daniil'
2021-09-15 23:22:26,731 - INFO - Инициализация баланса, на балансе '0' рублей
2021-09-15 23:22:31,332 - INFO - Пользователь с логином 'daniil' проверяет баланс
2021-09-15 23:22:31,332 - INFO - На балансе: '0 рублей'
2021-09-15 23:22:33,200 - INFO - Пользователь с логином 'daniil' ввел неверное значение 'Пополнить' при выборе команд с банковским приложением
2021-09-15 23:22:37,206 - INFO - Вход в меню банковского приложения пользователя с логином 'daniil'
2021-09-15 23:22:37,207 - INFO - Инициализация баланса, на балансе '0' рублей
2021-09-15 23:22:42,446 - INFO - Пользователь с логином 'daniil' пополнил баланс на '200' рублей
2021-09-15 23:22:42,447 - INFO - Теперь на балансе:'200' рублей
2021-09-15 23:22:44,900 - INFO - Пользователь с логином 'daniil' продолжил пользоваться банковским приложением
2021-09-15 23:22:44,900 - INFO - Хэширование результата услуги 'Пополнить' пользователя с логином 'daniil' в контейнер
2021-09-15 23:22:44,901 - INFO - Вход в меню банковского приложения пользователя с логином 'daniil'
2021-09-15 23:22:44,901 - INFO - Инициализация баланса, на балансе '200' рублей
2021-09-15 23:22:48,140 - INFO - Пользователь с логином 'daniil' снял с баланса '150' рублей
2021-09-15 23:22:48,140 - INFO - Теперь на балансе:'50' рублей
2021-09-15 23:22:51,476 - INFO - Пользователь с логином 'daniil' переходит в меню
2021-09-15 23:22:51,477 - INFO - Хэширование результата услуги 'Снять' пользователя с логином 'daniil' в контейнер
2021-09-15 23:22:51,478 - INFO - Возврат в главное меню банка
2021-09-15 23:23:01,408 - INFO - Выбор между созданием и входом в аккаунт
2021-09-15 23:23:14,227 - INFO - Пользователь входит в аккаунт...
2021-09-15 23:23:14,228 - INFO - Пользовать ввел логин 'valeriy'
2021-09-15 23:23:14,228 - INFO - Пользовать ввел пароль '123456'
2021-09-15 23:23:14,228 - INFO - Пользователь вошел в аккаунт с логином 'valeriy' и паролем '123456'
2021-09-15 23:23:14,229 - INFO - Вход в меню банковского приложения пользователя с логином 'valeriy'
2021-09-15 23:23:14,229 - INFO - Инициализация баланса, на балансе '0' рублей
2021-09-15 23:23:17,947 - INFO - Пользователь с логином 'valeriy' проверяет баланс
2021-09-15 23:23:17,948 - INFO - На балансе: '0 рублей'
2021-09-15 23:23:22,800 - INFO - Пользователь с логином 'valeriy' продолжил пользоваться банковским приложением
2021-09-15 23:23:22,801 - INFO - Вход в меню банковского приложения пользователя с логином 'valeriy'
2021-09-15 23:23:22,802 - INFO - Инициализация баланса, на балансе '0' рублей
2021-09-15 23:23:27,954 - INFO - Пользователь с логином 'valeriy' пополнил баланс на '400' рублей
2021-09-15 23:23:27,955 - INFO - Теперь на балансе:'400' рублей
2021-09-15 23:23:32,700 - INFO - Пользователь с логином 'valeriy' продолжил пользоваться банковским приложением
2021-09-15 23:23:32,700 - INFO - Хэширование результата услуги 'Пополнить' пользователя с логином 'valeriy' в контейнер
2021-09-15 23:23:32,701 - INFO - Вход в меню банковского приложения пользователя с логином 'valeriy'
2021-09-15 23:23:32,701 - INFO - Инициализация баланса, на балансе '400' рублей
2021-09-15 23:23:37,123 - INFO - Пользователь с логином 'valeriy' снял с баланса '38' рублей
2021-09-15 23:23:37,124 - INFO - Теперь на балансе:'362' рублей
2021-09-15 23:23:39,667 - INFO - Пользователь с логином 'valeriy' переходит в меню
2021-09-15 23:23:39,668 - INFO - Хэширование результата услуги 'Снять' пользователя с логином 'valeriy' в контейнер
2021-09-15 23:23:39,669 - INFO - Возврат в главное меню банка
2021-09-15 23:23:41,916 - INFO - Выбор между созданием и входом в аккаунт
2021-09-15 23:23:44,022 - INFO - Пользователь входит в аккаунт...
2021-09-15 23:23:44,023 - INFO - Пользовать ввел логин 'daniil'
2021-09-15 23:23:44,023 - INFO - Пользовать ввел пароль '1234'
2021-09-15 23:23:44,024 - INFO - Пользователь вошел в аккаунт с логином 'daniil' и паролем '1234'
2021-09-15 23:23:44,024 - INFO - Вход в меню банковского приложения пользователя с логином 'daniil'
2021-09-15 23:23:44,025 - INFO - Инициализация баланса, на балансе '50' рублей
2021-09-15 23:23:46,646 - INFO - Пользователь с логином 'daniil' проверяет баланс
2021-09-15 23:23:46,646 - INFO - На балансе: '50 рублей'
2021-09-15 23:23:48,392 - INFO - Пользователь с логином 'daniil' ввел неверное значение 'Пополнить' при выборе команд с банковским приложением
2021-09-15 23:23:52,037 - INFO - Вход в меню банковского приложения пользователя с логином 'daniil'
2021-09-15 23:23:52,038 - INFO - Инициализация баланса, на балансе '50' рублей
2021-09-15 23:23:57,571 - INFO - Пользователь с логином 'daniil' пополнил баланс на '40' рублей
2021-09-15 23:23:57,572 - INFO - Теперь на балансе:'90' рублей
2021-09-15 23:24:00,868 - INFO - Пользователь с логином 'daniil' переходит в меню
2021-09-15 23:24:00,870 - INFO - Хэширование результата услуги 'Пополнить' пользователя с логином 'daniil' в контейнер
2021-09-15 23:24:00,870 - INFO - Возврат в главное меню банка
2021-09-15 23:24:03,065 - INFO - Выбор между созданием и входом в аккаунт
2021-09-15 23:24:05,940 - INFO - Пользователь входит в аккаунт...
2021-09-15 23:24:05,940 - INFO - Пользовать ввел логин 'valeriy'
2021-09-15 23:24:05,941 - INFO - Пользовать ввел пароль '123456'
2021-09-15 23:24:05,941 - INFO - Пользователь вошел в аккаунт с логином 'valeriy' и паролем '123456'
2021-09-15 23:24:05,942 - INFO - Вход в меню банковского приложения пользователя с логином 'valeriy'
2021-09-15 23:24:05,942 - INFO - Инициализация баланса, на балансе '362' рублей
2021-09-15 23:24:08,482 - INFO - Пользователь с логином 'valeriy' проверяет баланс
2021-09-15 23:24:08,483 - INFO - На балансе: '362 рублей'
2021-09-15 23:24:11,131 - INFO - Пользователь с логином 'valeriy' переходит в меню
2021-09-15 23:24:11,132 - INFO - Возврат в главное меню банка
2021-09-15 23:24:13,923 - INFO - Выбор между созданием и входом в аккаунт
2021-09-15 23:24:15,887 - INFO - Пользователь входит в аккаунт...
2021-09-15 23:24:15,888 - INFO - Пользовать ввел логин 'daniil'
2021-09-15 23:24:15,888 - INFO - Пользовать ввел пароль '1234'
2021-09-15 23:24:15,889 - INFO - Пользователь вошел в аккаунт с логином 'daniil' и паролем '1234'
2021-09-15 23:24:15,889 - INFO - Вход в меню банковского приложения пользователя с логином 'daniil'
2021-09-15 23:24:15,890 - INFO - Инициализация баланса, на балансе '90' рублей
2021-09-15 23:24:18,634 - INFO - Пользователь с логином 'daniil' проверяет баланс
2021-09-15 23:24:18,635 - INFO - На балансе: '90 рублей'
2021-09-15 23:24:20,286 - INFO - Пользователь с логином 'daniil' переходит в меню
2021-09-15 23:24:20,286 - INFO - Возврат в главное меню банка
2021-09-15 23:24:21,571 - INFO - Выбор между созданием и входом в аккаунт
2021-09-15 23:24:24,311 - INFO - Пользователь создает аккаунт...
2021-09-15 23:24:24,311 - INFO - Пользовать ввел логин 'а'
2021-09-15 23:24:24,312 - INFO - Пользовать ввел пароль 'а'
2021-09-15 23:24:24,312 - INFO - Создание аккаунта с логином 'а' и паролем 'а'
2021-09-15 23:24:24,313 - INFO - Аккаунт с логином 'а' и паролем 'а' успешно создан
2021-09-15 23:24:27,192 - INFO - Выбор между созданием и входом в аккаунт
2021-09-15 23:24:28,171 - INFO - Пользователь входит в аккаунт...
2021-09-15 23:24:28,171 - INFO - Пользовать ввел логин 'а'
2021-09-15 23:24:28,172 - INFO - Пользовать ввел пароль 'а'
2021-09-15 23:24:28,172 - INFO - Пользователь вошел в аккаунт с логином 'а' и паролем 'а'
2021-09-15 23:24:28,173 - INFO - Вход в меню банковского приложения пользователя с логином 'а'
2021-09-15 23:24:28,173 - INFO - Инициализация баланса, на балансе '0' рублей
2021-09-15 23:24:30,174 - INFO - Пользователь с логином 'а' проверяет баланс
2021-09-15 23:24:30,175 - INFO - На балансе: '0 рублей'
2021-09-15 23:24:33,049 - INFO - Пользователь с логином 'а' закрыл банковское приложение
